{"C:\\Users\\pati\\Desktop\\wieloplatformowe-aplikacje-mobilne-projekt\\components\\Calendar.js": {"path":"C:\\Users\\pati\\Desktop\\wieloplatformowe-aplikacje-mobilne-projekt\\components\\Calendar.js","statementMap":{"0":{"start":{"line":8,"column":16},"end":{"line":8,"column":59}},"1":{"start":{"line":11,"column":18},"end":{"line":11,"column":28}},"2":{"start":{"line":12,"column":22},"end":{"line":12,"column":57}},"3":{"start":{"line":13,"column":38},"end":{"line":13,"column":59}},"4":{"start":{"line":14,"column":28},"end":{"line":14,"column":40}},"5":{"start":{"line":16,"column":20},"end":{"line":26,"column":3}},"6":{"start":{"line":17,"column":4},"end":{"line":25,"column":5}},"7":{"start":{"line":18,"column":23},"end":{"line":18,"column":61}},"8":{"start":{"line":19,"column":6},"end":{"line":22,"column":7}},"9":{"start":{"line":20,"column":21},"end":{"line":20,"column":64}},"10":{"start":{"line":21,"column":8},"end":{"line":21,"column":35}},"11":{"start":{"line":24,"column":6},"end":{"line":24,"column":50}},"12":{"start":{"line":28,"column":20},"end":{"line":34,"column":3}},"13":{"start":{"line":29,"column":4},"end":{"line":33,"column":5}},"14":{"start":{"line":30,"column":6},"end":{"line":30,"column":77}},"15":{"start":{"line":32,"column":6},"end":{"line":32,"column":49}},"16":{"start":{"line":36,"column":2},"end":{"line":38,"column":9}},"17":{"start":{"line":37,"column":4},"end":{"line":37,"column":16}},"18":{"start":{"line":40,"column":2},"end":{"line":60,"column":21}},"19":{"start":{"line":41,"column":4},"end":{"line":59,"column":5}},"20":{"start":{"line":42,"column":22},"end":{"line":48,"column":7}},"21":{"start":{"line":49,"column":27},"end":{"line":49,"column":46}},"22":{"start":{"line":50,"column":6},"end":{"line":50,"column":29}},"23":{"start":{"line":51,"column":6},"end":{"line":51,"column":30}},"24":{"start":{"line":52,"column":11},"end":{"line":59,"column":5}},"25":{"start":{"line":53,"column":39},"end":{"line":53,"column":62}},"26":{"start":{"line":54,"column":27},"end":{"line":56,"column":7}},"27":{"start":{"line":55,"column":8},"end":{"line":55,"column":61}},"28":{"start":{"line":57,"column":6},"end":{"line":57,"column":29}},"29":{"start":{"line":58,"column":6},"end":{"line":58,"column":30}},"30":{"start":{"line":62,"column":21},"end":{"line":66,"column":3}},"31":{"start":{"line":63,"column":25},"end":{"line":63,"column":61}},"32":{"start":{"line":63,"column":46},"end":{"line":63,"column":60}},"33":{"start":{"line":64,"column":4},"end":{"line":64,"column":27}},"34":{"start":{"line":65,"column":4},"end":{"line":65,"column":28}},"35":{"start":{"line":68,"column":19},"end":{"line":70,"column":3}},"36":{"start":{"line":69,"column":4},"end":{"line":69,"column":41}},"37":{"start":{"line":72,"column":21},"end":{"line":78,"column":3}},"38":{"start":{"line":73,"column":25},"end":{"line":75,"column":5}},"39":{"start":{"line":74,"column":6},"end":{"line":74,"column":59}},"40":{"start":{"line":76,"column":4},"end":{"line":76,"column":27}},"41":{"start":{"line":77,"column":4},"end":{"line":77,"column":28}},"42":{"start":{"line":80,"column":25},"end":{"line":100,"column":3}},"43":{"start":{"line":81,"column":22},"end":{"line":81,"column":24}},"44":{"start":{"line":82,"column":4},"end":{"line":98,"column":7}},"45":{"start":{"line":83,"column":19},"end":{"line":83,"column":28}},"46":{"start":{"line":84,"column":6},"end":{"line":97,"column":7}},"47":{"start":{"line":85,"column":8},"end":{"line":96,"column":10}},"48":{"start":{"line":99,"column":4},"end":{"line":99,"column":23}},"49":{"start":{"line":102,"column":26},"end":{"line":112,"column":3}},"50":{"start":{"line":103,"column":25},"end":{"line":103,"column":27}},"51":{"start":{"line":104,"column":4},"end":{"line":110,"column":7}},"52":{"start":{"line":105,"column":22},"end":{"line":105,"column":90}},"53":{"start":{"line":106,"column":6},"end":{"line":108,"column":7}},"54":{"start":{"line":107,"column":8},"end":{"line":107,"column":35}},"55":{"start":{"line":109,"column":6},"end":{"line":109,"column":39}},"56":{"start":{"line":111,"column":4},"end":{"line":111,"column":24}},"57":{"start":{"line":114,"column":24},"end":{"line":126,"column":6}},"58":{"start":{"line":116,"column":23},"end":{"line":116,"column":42}},"59":{"start":{"line":117,"column":23},"end":{"line":117,"column":45}},"60":{"start":{"line":118,"column":22},"end":{"line":118,"column":40}},"61":{"start":{"line":119,"column":6},"end":{"line":119,"column":46}},"62":{"start":{"line":120,"column":6},"end":{"line":120,"column":57}},"63":{"start":{"line":123,"column":20},"end":{"line":123,"column":51}},"64":{"start":{"line":124,"column":20},"end":{"line":124,"column":51}},"65":{"start":{"line":125,"column":6},"end":{"line":125,"column":27}},"66":{"start":{"line":128,"column":23},"end":{"line":128,"column":53}},"67":{"start":{"line":130,"column":2},"end":{"line":198,"column":4}},"68":{"start":{"line":150,"column":12},"end":{"line":150,"column":40}},"69":{"start":{"line":159,"column":12},"end":{"line":183,"column":19}},"70":{"start":{"line":162,"column":16},"end":{"line":181,"column":35}},"71":{"start":{"line":168,"column":33},"end":{"line":168,"column":52}},"72":{"start":{"line":174,"column":79},"end":{"line":174,"column":93}},"73":{"start":{"line":177,"column":81},"end":{"line":177,"column":100}},"74":{"start":{"line":193,"column":23},"end":{"line":193,"column":81}},"75":{"start":{"line":201,"column":15},"end":{"line":287,"column":2}}},"fnMap":{"0":{"name":"CalendarScreen","decl":{"start":{"line":10,"column":24},"end":{"line":10,"column":38}},"loc":{"start":{"line":10,"column":62},"end":{"line":199,"column":1}},"line":10},"1":{"name":"(anonymous_1)","decl":{"start":{"line":16,"column":20},"end":{"line":16,"column":21}},"loc":{"start":{"line":16,"column":32},"end":{"line":26,"column":3}},"line":16},"2":{"name":"(anonymous_2)","decl":{"start":{"line":28,"column":20},"end":{"line":28,"column":21}},"loc":{"start":{"line":28,"column":40},"end":{"line":34,"column":3}},"line":28},"3":{"name":"(anonymous_3)","decl":{"start":{"line":36,"column":12},"end":{"line":36,"column":13}},"loc":{"start":{"line":36,"column":18},"end":{"line":38,"column":3}},"line":36},"4":{"name":"(anonymous_4)","decl":{"start":{"line":40,"column":12},"end":{"line":40,"column":13}},"loc":{"start":{"line":40,"column":18},"end":{"line":60,"column":3}},"line":40},"5":{"name":"(anonymous_5)","decl":{"start":{"line":54,"column":37},"end":{"line":54,"column":38}},"loc":{"start":{"line":55,"column":8},"end":{"line":55,"column":61}},"line":55},"6":{"name":"(anonymous_6)","decl":{"start":{"line":62,"column":21},"end":{"line":62,"column":22}},"loc":{"start":{"line":62,"column":29},"end":{"line":66,"column":3}},"line":62},"7":{"name":"(anonymous_7)","decl":{"start":{"line":63,"column":38},"end":{"line":63,"column":39}},"loc":{"start":{"line":63,"column":46},"end":{"line":63,"column":60}},"line":63},"8":{"name":"(anonymous_8)","decl":{"start":{"line":68,"column":19},"end":{"line":68,"column":20}},"loc":{"start":{"line":68,"column":29},"end":{"line":70,"column":3}},"line":68},"9":{"name":"(anonymous_9)","decl":{"start":{"line":72,"column":21},"end":{"line":72,"column":22}},"loc":{"start":{"line":72,"column":29},"end":{"line":78,"column":3}},"line":72},"10":{"name":"(anonymous_10)","decl":{"start":{"line":73,"column":35},"end":{"line":73,"column":36}},"loc":{"start":{"line":74,"column":6},"end":{"line":74,"column":59}},"line":74},"11":{"name":"(anonymous_11)","decl":{"start":{"line":80,"column":25},"end":{"line":80,"column":26}},"loc":{"start":{"line":80,"column":31},"end":{"line":100,"column":3}},"line":80},"12":{"name":"(anonymous_12)","decl":{"start":{"line":82,"column":18},"end":{"line":82,"column":19}},"loc":{"start":{"line":82,"column":26},"end":{"line":98,"column":5}},"line":82},"13":{"name":"(anonymous_13)","decl":{"start":{"line":102,"column":26},"end":{"line":102,"column":27}},"loc":{"start":{"line":102,"column":37},"end":{"line":112,"column":3}},"line":102},"14":{"name":"(anonymous_14)","decl":{"start":{"line":104,"column":18},"end":{"line":104,"column":19}},"loc":{"start":{"line":104,"column":26},"end":{"line":110,"column":5}},"line":104},"15":{"name":"(anonymous_15)","decl":{"start":{"line":115,"column":12},"end":{"line":115,"column":13}},"loc":{"start":{"line":115,"column":20},"end":{"line":121,"column":5}},"line":115},"16":{"name":"(anonymous_16)","decl":{"start":{"line":122,"column":10},"end":{"line":122,"column":11}},"loc":{"start":{"line":122,"column":20},"end":{"line":126,"column":5}},"line":122},"17":{"name":"(anonymous_17)","decl":{"start":{"line":149,"column":22},"end":{"line":149,"column":23}},"loc":{"start":{"line":149,"column":29},"end":{"line":151,"column":11}},"line":149},"18":{"name":"(anonymous_18)","decl":{"start":{"line":158,"column":40},"end":{"line":158,"column":41}},"loc":{"start":{"line":159,"column":12},"end":{"line":183,"column":19}},"line":159},"19":{"name":"(anonymous_19)","decl":{"start":{"line":161,"column":53},"end":{"line":161,"column":54}},"loc":{"start":{"line":162,"column":16},"end":{"line":181,"column":35}},"line":162},"20":{"name":"(anonymous_20)","decl":{"start":{"line":168,"column":27},"end":{"line":168,"column":28}},"loc":{"start":{"line":168,"column":33},"end":{"line":168,"column":52}},"line":168},"21":{"name":"(anonymous_21)","decl":{"start":{"line":174,"column":73},"end":{"line":174,"column":74}},"loc":{"start":{"line":174,"column":79},"end":{"line":174,"column":93}},"line":174},"22":{"name":"(anonymous_22)","decl":{"start":{"line":177,"column":75},"end":{"line":177,"column":76}},"loc":{"start":{"line":177,"column":81},"end":{"line":177,"column":100}},"line":177},"23":{"name":"(anonymous_23)","decl":{"start":{"line":193,"column":17},"end":{"line":193,"column":18}},"loc":{"start":{"line":193,"column":23},"end":{"line":193,"column":81}},"line":193}},"branchMap":{"0":{"loc":{"start":{"line":19,"column":6},"end":{"line":22,"column":7}},"type":"if","locations":[{"start":{"line":19,"column":6},"end":{"line":22,"column":7}},{"start":{},"end":{}}],"line":19},"1":{"loc":{"start":{"line":41,"column":4},"end":{"line":59,"column":5}},"type":"if","locations":[{"start":{"line":41,"column":4},"end":{"line":59,"column":5}},{"start":{"line":52,"column":11},"end":{"line":59,"column":5}}],"line":41},"2":{"loc":{"start":{"line":41,"column":8},"end":{"line":41,"column":74}},"type":"binary-expr","locations":[{"start":{"line":41,"column":8},"end":{"line":41,"column":30}},{"start":{"line":41,"column":34},"end":{"line":41,"column":52}},{"start":{"line":41,"column":56},"end":{"line":41,"column":74}}],"line":41},"3":{"loc":{"start":{"line":52,"column":11},"end":{"line":59,"column":5}},"type":"if","locations":[{"start":{"line":52,"column":11},"end":{"line":59,"column":5}},{"start":{},"end":{}}],"line":52},"4":{"loc":{"start":{"line":55,"column":8},"end":{"line":55,"column":61}},"type":"cond-expr","locations":[{"start":{"line":55,"column":25},"end":{"line":55,"column":54}},{"start":{"line":55,"column":57},"end":{"line":55,"column":61}}],"line":55},"5":{"loc":{"start":{"line":74,"column":6},"end":{"line":74,"column":59}},"type":"cond-expr","locations":[{"start":{"line":74,"column":23},"end":{"line":74,"column":52}},{"start":{"line":74,"column":55},"end":{"line":74,"column":59}}],"line":74},"6":{"loc":{"start":{"line":84,"column":6},"end":{"line":97,"column":7}},"type":"if","locations":[{"start":{"line":84,"column":6},"end":{"line":97,"column":7}},{"start":{},"end":{}}],"line":84},"7":{"loc":{"start":{"line":106,"column":6},"end":{"line":108,"column":7}},"type":"if","locations":[{"start":{"line":106,"column":6},"end":{"line":108,"column":7}},{"start":{},"end":{}}],"line":106},"8":{"loc":{"start":{"line":120,"column":13},"end":{"line":120,"column":56}},"type":"binary-expr","locations":[{"start":{"line":120,"column":13},"end":{"line":120,"column":33}},{"start":{"line":120,"column":37},"end":{"line":120,"column":56}}],"line":120},"9":{"loc":{"start":{"line":157,"column":9},"end":{"line":189,"column":9}},"type":"cond-expr","locations":[{"start":{"line":158,"column":10},"end":{"line":184,"column":12}},{"start":{"line":186,"column":10},"end":{"line":188,"column":17}}],"line":157},"10":{"loc":{"start":{"line":166,"column":39},"end":{"line":166,"column":72}},"type":"cond-expr","locations":[{"start":{"line":166,"column":51},"end":{"line":166,"column":60}},{"start":{"line":166,"column":63},"end":{"line":166,"column":72}}],"line":166},"11":{"loc":{"start":{"line":170,"column":58},"end":{"line":170,"column":88}},"type":"cond-expr","locations":[{"start":{"line":170,"column":70},"end":{"line":170,"column":79}},{"start":{"line":170,"column":82},"end":{"line":170,"column":88}}],"line":170}},"s":{"0":1,"1":1,"2":1,"3":1,"4":1,"5":1,"6":1,"7":1,"8":1,"9":0,"10":0,"11":1,"12":1,"13":0,"14":0,"15":0,"16":1,"17":1,"18":1,"19":1,"20":0,"21":0,"22":0,"23":0,"24":1,"25":0,"26":0,"27":0,"28":0,"29":0,"30":1,"31":0,"32":0,"33":0,"34":0,"35":1,"36":0,"37":1,"38":0,"39":0,"40":0,"41":0,"42":1,"43":1,"44":1,"45":0,"46":0,"47":0,"48":1,"49":1,"50":1,"51":1,"52":0,"53":0,"54":0,"55":0,"56":1,"57":1,"58":0,"59":0,"60":0,"61":0,"62":0,"63":0,"64":0,"65":0,"66":1,"67":1,"68":0,"69":0,"70":0,"71":0,"72":0,"73":0,"74":0,"75":1},"f":{"0":1,"1":1,"2":0,"3":1,"4":1,"5":0,"6":0,"7":0,"8":0,"9":0,"10":0,"11":1,"12":0,"13":1,"14":0,"15":0,"16":0,"17":0,"18":0,"19":0,"20":0,"21":0,"22":0,"23":0},"b":{"0":[0,0],"1":[0,1],"2":[1,0,0],"3":[0,1],"4":[0,0],"5":[0,0],"6":[0,0],"7":[0,0],"8":[0,0],"9":[0,1],"10":[0,0],"11":[0,0]},"_coverageSchema":"1a1c01bbd47fc00a2c39e90264f33305004495a9","hash":"0dec0732ccd24aca9a7e89ca8b1e12677d56c635"}
}
