TN:
SF:components\Calendar.js
FN:10,CalendarScreen
FN:16,(anonymous_1)
FN:28,(anonymous_2)
FN:36,(anonymous_3)
FN:40,(anonymous_4)
FN:54,(anonymous_5)
FN:62,(anonymous_6)
FN:63,(anonymous_7)
FN:68,(anonymous_8)
FN:72,(anonymous_9)
FN:73,(anonymous_10)
FN:80,(anonymous_11)
FN:82,(anonymous_12)
FN:102,(anonymous_13)
FN:104,(anonymous_14)
FN:115,(anonymous_15)
FN:122,(anonymous_16)
FN:149,(anonymous_17)
FN:158,(anonymous_18)
FN:161,(anonymous_19)
FN:168,(anonymous_20)
FN:174,(anonymous_21)
FN:177,(anonymous_22)
FN:193,(anonymous_23)
FNF:24
FNH:6
FNDA:1,CalendarScreen
FNDA:1,(anonymous_1)
FNDA:0,(anonymous_2)
FNDA:1,(anonymous_3)
FNDA:1,(anonymous_4)
FNDA:0,(anonymous_5)
FNDA:0,(anonymous_6)
FNDA:0,(anonymous_7)
FNDA:0,(anonymous_8)
FNDA:0,(anonymous_9)
FNDA:0,(anonymous_10)
FNDA:1,(anonymous_11)
FNDA:0,(anonymous_12)
FNDA:1,(anonymous_13)
FNDA:0,(anonymous_14)
FNDA:0,(anonymous_15)
FNDA:0,(anonymous_16)
FNDA:0,(anonymous_17)
FNDA:0,(anonymous_18)
FNDA:0,(anonymous_19)
FNDA:0,(anonymous_20)
FNDA:0,(anonymous_21)
FNDA:0,(anonymous_22)
FNDA:0,(anonymous_23)
DA:8,1
DA:11,1
DA:12,1
DA:13,1
DA:14,1
DA:16,1
DA:17,1
DA:18,1
DA:19,1
DA:20,0
DA:21,0
DA:24,1
DA:28,1
DA:29,0
DA:30,0
DA:32,0
DA:36,1
DA:37,1
DA:40,1
DA:41,1
DA:42,0
DA:49,0
DA:50,0
DA:51,0
DA:52,1
DA:53,0
DA:54,0
DA:55,0
DA:57,0
DA:58,0
DA:62,1
DA:63,0
DA:64,0
DA:65,0
DA:68,1
DA:69,0
DA:72,1
DA:73,0
DA:74,0
DA:76,0
DA:77,0
DA:80,1
DA:81,1
DA:82,1
DA:83,0
DA:84,0
DA:85,0
DA:99,1
DA:102,1
DA:103,1
DA:104,1
DA:105,0
DA:106,0
DA:107,0
DA:109,0
DA:111,1
DA:114,1
DA:116,0
DA:117,0
DA:118,0
DA:119,0
DA:120,0
DA:123,0
DA:124,0
DA:125,0
DA:128,1
DA:130,1
DA:150,0
DA:159,0
DA:162,0
DA:168,0
DA:174,0
DA:177,0
DA:193,0
DA:201,1
LF:75
LH:31
BRDA:19,0,0,0
BRDA:19,0,1,0
BRDA:41,1,0,0
BRDA:41,1,1,1
BRDA:41,2,0,1
BRDA:41,2,1,0
BRDA:41,2,2,0
BRDA:52,3,0,0
BRDA:52,3,1,1
BRDA:55,4,0,0
BRDA:55,4,1,0
BRDA:74,5,0,0
BRDA:74,5,1,0
BRDA:84,6,0,0
BRDA:84,6,1,0
BRDA:106,7,0,0
BRDA:106,7,1,0
BRDA:120,8,0,0
BRDA:120,8,1,0
BRDA:157,9,0,0
BRDA:157,9,1,1
BRDA:166,10,0,0
BRDA:166,10,1,0
BRDA:170,11,0,0
BRDA:170,11,1,0
BRF:25
BRH:4
end_of_record
