TN:
SF:components\AddScreen.js
FN:5,(anonymous_0)
FN:12,(anonymous_1)
FN:27,(anonymous_2)
FN:32,(anonymous_3)
FN:37,(anonymous_4)
FN:41,(anonymous_5)
FN:45,(anonymous_6)
FN:49,(anonymous_7)
FN:53,(anonymous_8)
FN:75,(anonymous_9)
FNF:10
FNH:3
FNDA:6,(anonymous_0)
FNDA:3,(anonymous_1)
FNDA:0,(anonymous_2)
FNDA:0,(anonymous_3)
FNDA:0,(anonymous_4)
FNDA:0,(anonymous_5)
FNDA:0,(anonymous_6)
FNDA:0,(anonymous_7)
FNDA:2,(anonymous_8)
FNDA:0,(anonymous_9)
DA:5,1
DA:6,6
DA:7,6
DA:8,6
DA:9,6
DA:10,6
DA:12,6
DA:13,3
DA:15,1
DA:16,1
DA:17,1
DA:18,1
DA:21,2
DA:22,2
DA:23,2
DA:27,6
DA:28,0
DA:29,0
DA:32,6
DA:33,0
DA:34,0
DA:37,6
DA:38,0
DA:41,6
DA:42,0
DA:45,6
DA:46,0
DA:49,6
DA:50,0
DA:53,6
DA:54,2
DA:56,1
DA:57,1
DA:60,1
DA:62,1
DA:68,1
DA:71,0
DA:75,6
DA:76,0
DA:79,6
DA:123,1
LF:41
LH:31
BRDA:13,0,0,1
BRDA:13,0,1,2
BRDA:22,1,0,2
BRDA:22,1,1,2
BRDA:23,2,0,2
BRDA:23,2,1,2
BRDA:54,3,0,1
BRDA:54,3,1,1
BRDA:54,4,0,2
BRDA:54,4,1,1
BRDA:54,4,2,1
BRDA:60,5,0,1
BRDA:60,5,1,0
BRF:13
BRH:12
end_of_record
TN:
SF:components\Calendar.js
FN:10,CalendarScreen
FN:16,(anonymous_1)
FN:28,(anonymous_2)
FN:36,(anonymous_3)
FN:40,(anonymous_4)
FN:54,(anonymous_5)
FN:62,(anonymous_6)
FN:63,(anonymous_7)
FN:68,(anonymous_8)
FN:72,(anonymous_9)
FN:73,(anonymous_10)
FN:80,(anonymous_11)
FN:82,(anonymous_12)
FN:102,(anonymous_13)
FN:104,(anonymous_14)
FN:115,(anonymous_15)
FN:122,(anonymous_16)
FN:149,(anonymous_17)
FN:158,(anonymous_18)
FN:161,(anonymous_19)
FN:168,(anonymous_20)
FN:174,(anonymous_21)
FN:177,(anonymous_22)
FN:193,(anonymous_23)
FNF:24
FNH:7
FNDA:3,CalendarScreen
FNDA:3,(anonymous_1)
FNDA:0,(anonymous_2)
FNDA:3,(anonymous_3)
FNDA:3,(anonymous_4)
FNDA:0,(anonymous_5)
FNDA:0,(anonymous_6)
FNDA:0,(anonymous_7)
FNDA:0,(anonymous_8)
FNDA:0,(anonymous_9)
FNDA:0,(anonymous_10)
FNDA:3,(anonymous_11)
FNDA:0,(anonymous_12)
FNDA:3,(anonymous_13)
FNDA:0,(anonymous_14)
FNDA:0,(anonymous_15)
FNDA:0,(anonymous_16)
FNDA:0,(anonymous_17)
FNDA:0,(anonymous_18)
FNDA:0,(anonymous_19)
FNDA:0,(anonymous_20)
FNDA:0,(anonymous_21)
FNDA:0,(anonymous_22)
FNDA:1,(anonymous_23)
DA:8,1
DA:11,3
DA:12,3
DA:13,3
DA:14,3
DA:16,3
DA:17,3
DA:18,3
DA:19,3
DA:20,0
DA:21,0
DA:24,0
DA:28,3
DA:29,0
DA:30,0
DA:32,0
DA:36,3
DA:37,3
DA:40,3
DA:41,3
DA:42,0
DA:49,0
DA:50,0
DA:51,0
DA:52,3
DA:53,0
DA:54,0
DA:55,0
DA:57,0
DA:58,0
DA:62,3
DA:63,0
DA:64,0
DA:65,0
DA:68,3
DA:69,0
DA:72,3
DA:73,0
DA:74,0
DA:76,0
DA:77,0
DA:80,3
DA:81,3
DA:82,3
DA:83,0
DA:84,0
DA:85,0
DA:99,3
DA:102,3
DA:103,3
DA:104,3
DA:105,0
DA:106,0
DA:107,0
DA:109,0
DA:111,3
DA:114,3
DA:116,0
DA:117,0
DA:118,0
DA:119,0
DA:120,0
DA:123,0
DA:124,0
DA:125,0
DA:128,3
DA:130,3
DA:150,0
DA:159,0
DA:162,0
DA:168,0
DA:174,0
DA:177,0
DA:193,1
DA:201,1
LF:75
LH:31
BRDA:19,0,0,0
BRDA:19,0,1,3
BRDA:19,1,0,3
BRDA:19,1,1,0
BRDA:41,2,0,0
BRDA:41,2,1,3
BRDA:41,3,0,3
BRDA:41,3,1,0
BRDA:41,3,2,0
BRDA:52,4,0,0
BRDA:52,4,1,3
BRDA:55,5,0,0
BRDA:55,5,1,0
BRDA:74,6,0,0
BRDA:74,6,1,0
BRDA:84,7,0,0
BRDA:84,7,1,0
BRDA:106,8,0,0
BRDA:106,8,1,0
BRDA:120,9,0,0
BRDA:120,9,1,0
BRDA:157,10,0,0
BRDA:157,10,1,3
BRDA:166,11,0,0
BRDA:166,11,1,0
BRDA:170,12,0,0
BRDA:170,12,1,0
BRF:27
BRH:6
end_of_record
